<?xml version="1.0" encoding="UTF-8"?>
<!-- Generated by org.testng.reporters.JUnitReportReporter -->
<testsuite skipped="0" hostname="DESKTOP-MMFB6CD" name="Amazon.Automate.Login" tests="3" failures="0" timestamp="04 Feb 2021 15:10:27 GMT" time="21.841" errors="0">
  <testcase name="o_getlogindata" time="4.447" classname="Amazon.Automate.Login"/>
  <testcase name="login" time="15.727" classname="Amazon.Automate.Login"/>
  <testcase name="nowLoginClick" time="1.667" classname="Amazon.Automate.Login"/>
</testsuite> <!-- Amazon.Automate.Login -->
