<?xml version="1.0" encoding="UTF-8"?>
<!-- Generated by org.testng.reporters.JUnitReportReporter -->
<testsuite skipped="0" hostname="DESKTOP-MMFB6CD" name="Amazon.Automate.Login" tests="3" failures="0" timestamp="05 Feb 2021 06:56:07 GMT" time="24.358" errors="0">
  <testcase name="login" time="16.408" classname="Amazon.Automate.Login"/>
  <testcase name="nowLoginClick" time="5.100" classname="Amazon.Automate.Login"/>
  <testcase name="o_getlogindata" time="2.850" classname="Amazon.Automate.Login"/>
</testsuite> <!-- Amazon.Automate.Login -->
