<?xml version="1.0" encoding="UTF-8"?>
<!-- Generated by org.testng.reporters.JUnitReportReporter -->
<testsuite skipped="0" hostname="DESKTOP-MMFB6CD" name="Amazon.Automate.goibibo" tests="1" failures="0" timestamp="11 Feb 2021 16:21:58 GMT" time="52.026" errors="0">
  <testcase name="calendercheck" time="52.026" classname="Amazon.Automate.goibibo"/>
</testsuite> <!-- Amazon.Automate.goibibo -->
