<?xml version="1.0" encoding="UTF-8"?>
<!-- Generated by org.testng.reporters.JUnitReportReporter -->
<testsuite skipped="0" hostname="DESKTOP-MMFB6CD" name="Amazon.Automate.Login" tests="4" failures="0" timestamp="10 Feb 2021 13:49:23 GMT" time="33.676" errors="0">
  <testcase name="login" time="15.455" classname="Amazon.Automate.Login"/>
  <testcase name="p_selectAnOptionFromDropDown" time="13.338" classname="Amazon.Automate.Login"/>
  <testcase name="nowLoginClick" time="2.247" classname="Amazon.Automate.Login"/>
  <testcase name="o_getlogindata" time="2.636" classname="Amazon.Automate.Login"/>
</testsuite> <!-- Amazon.Automate.Login -->
