<?xml version="1.0" encoding="UTF-8"?>
<!-- Generated by org.testng.reporters.JUnitReportReporter -->
<testsuite skipped="0" hostname="DESKTOP-MMFB6CD" name="Amazon.Automate.Login" tests="4" failures="0" timestamp="05 Feb 2021 14:01:46 GMT" time="28.701" errors="0">
  <testcase name="login" time="12.678" classname="Amazon.Automate.Login"/>
  <testcase name="p_selectAnOptionFromDropDown" time="11.830" classname="Amazon.Automate.Login"/>
  <testcase name="nowLoginClick" time="1.655" classname="Amazon.Automate.Login"/>
  <testcase name="o_getlogindata" time="2.538" classname="Amazon.Automate.Login"/>
</testsuite> <!-- Amazon.Automate.Login -->
