<?xml version="1.0" encoding="UTF-8"?>
<!-- Generated by org.testng.reporters.JUnitReportReporter -->
<testsuite skipped="0" hostname="DESKTOP-MMFB6CD" name="Amazon.Automate.HandlingChildWindows" tests="1" failures="0" timestamp="11 Feb 2021 15:10:10 GMT" time="20.667" errors="0">
  <testcase name="handlechildwindows" time="20.667" classname="Amazon.Automate.HandlingChildWindows"/>
</testsuite> <!-- Amazon.Automate.HandlingChildWindows -->
