<?xml version="1.0" encoding="UTF-8"?>
<!-- Generated by org.testng.reporters.JUnitReportReporter -->
<testsuite skipped="0" hostname="DESKTOP-MMFB6CD" name="Amazon.Automate.Frames" tests="1" failures="0" timestamp="13 Feb 2021 05:44:04 GMT" time="29.563" errors="0">
  <testcase name="draganddrop" time="29.563" classname="Amazon.Automate.Frames"/>
</testsuite> <!-- Amazon.Automate.Frames -->
