<?xml version="1.0" encoding="UTF-8"?>
<!-- Generated by org.testng.reporters.JUnitReportReporter -->
<testsuite skipped="0" hostname="DESKTOP-MMFB6CD" name="Amazon.Automate.goibibo" tests="1" failures="0" timestamp="11 Feb 2021 12:38:33 GMT" time="20.391" errors="0">
  <testcase name="calendercheck" time="20.391" classname="Amazon.Automate.goibibo"/>
</testsuite> <!-- Amazon.Automate.goibibo -->
