<?xml version="1.0" encoding="UTF-8"?>
<!-- Generated by org.testng.reporters.JUnitReportReporter -->
<testsuite skipped="0" hostname="DESKTOP-MMFB6CD" name="Amazon.Automate.Login" tests="3" failures="0" timestamp="02 Feb 2021 14:47:00 GMT" time="16.122" errors="0">
  <testcase name="login" time="11.136" classname="Amazon.Automate.Login"/>
  <testcase name="nowLoginClick" time="2.064" classname="Amazon.Automate.Login"/>
  <testcase name="o_getlogindata" time="2.922" classname="Amazon.Automate.Login"/>
</testsuite> <!-- Amazon.Automate.Login -->
