<?xml version="1.0" encoding="UTF-8"?>
<!-- Generated by org.testng.reporters.JUnitReportReporter -->
<testsuite skipped="0" hostname="DESKTOP-MMFB6CD" name="Amazon.Automate.javascriptexecutor" tests="2" failures="0" timestamp="13 Feb 2021 11:39:25 GMT" time="19.923" errors="0">
  <testcase name="letscheck" time="5.192" classname="Amazon.Automate.javascriptexecutor"/>
  <testcase name="javascriptmethod" time="14.731" classname="Amazon.Automate.javascriptexecutor"/>
</testsuite> <!-- Amazon.Automate.javascriptexecutor -->
