<?xml version="1.0" encoding="UTF-8"?>
<!-- Generated by org.testng.reporters.JUnitReportReporter -->
<testsuite skipped="0" hostname="DESKTOP-MMFB6CD" name="Amazon.Automate.Login" tests="3" failures="0" timestamp="05 Feb 2021 07:03:40 GMT" time="21.116" errors="0">
  <testcase name="o_getlogindata" time="3.424" classname="Amazon.Automate.Login"/>
  <testcase name="login" time="15.469" classname="Amazon.Automate.Login"/>
  <testcase name="nowLoginClick" time="2.223" classname="Amazon.Automate.Login"/>
</testsuite> <!-- Amazon.Automate.Login -->
