<?xml version="1.0" encoding="UTF-8"?>
<!-- Generated by org.testng.reporters.JUnitReportReporter -->
<testsuite skipped="0" hostname="DESKTOP-MMFB6CD" name="Amazon.Automate.Login" tests="3" failures="0" timestamp="05 Feb 2021 06:38:14 GMT" time="19.872" errors="0">
  <testcase name="o_getlogindata" time="3.534" classname="Amazon.Automate.Login"/>
  <testcase name="login" time="14.099" classname="Amazon.Automate.Login"/>
  <testcase name="nowLoginClick" time="2.239" classname="Amazon.Automate.Login"/>
</testsuite> <!-- Amazon.Automate.Login -->
