<?xml version="1.0" encoding="UTF-8"?>
<!-- Generated by org.testng.reporters.JUnitReportReporter -->
<testsuite skipped="0" hostname="DESKTOP-MMFB6CD" name="Amazon.Automate.Login" tests="4" failures="0" timestamp="11 Feb 2021 13:26:20 GMT" time="32.170" errors="0">
  <testcase name="o_getlogindata" time="3.995" classname="Amazon.Automate.Login"/>
  <testcase name="p_selectAnOptionFromDropDown" time="13.541" classname="Amazon.Automate.Login"/>
  <testcase name="nowLoginClick" time="2.379" classname="Amazon.Automate.Login"/>
  <testcase name="login" time="12.255" classname="Amazon.Automate.Login"/>
</testsuite> <!-- Amazon.Automate.Login -->
