<?xml version="1.0" encoding="UTF-8"?>
<!-- Generated by org.testng.reporters.JUnitReportReporter -->
<testsuite skipped="0" hostname="DESKTOP-MMFB6CD" name="Amazon.Automate.Login" tests="4" failures="0" timestamp="05 Feb 2021 14:08:58 GMT" time="29.636" errors="0">
  <testcase name="o_getlogindata" time="3.483" classname="Amazon.Automate.Login"/>
  <testcase name="login" time="12.170" classname="Amazon.Automate.Login"/>
  <testcase name="nowLoginClick" time="1.759" classname="Amazon.Automate.Login"/>
  <testcase name="p_selectAnOptionFromDropDown" time="12.224" classname="Amazon.Automate.Login"/>
</testsuite> <!-- Amazon.Automate.Login -->
